<?xml version="1.0" encoding="UTF-8"?>
<!-- Generated by org.testng.reporters.JUnitReportReporter -->
<testsuite skipped="0" hostname="QH-20160815LDMN" name="com.stta.SuiteOne.SuiteOneCaseOne" tests="2" failures="0" timestamp="21 三月 2018 03:51:36 GMT" time="0.007" errors="0">
  <testcase name="SuiteOneCaseOneTest" time="0.004" classname="com.stta.SuiteOne.SuiteOneCaseOne"/>
  <testcase name="SuiteOneCaseOneTest" time="0.003" classname="com.stta.SuiteOne.SuiteOneCaseOne"/>
</testsuite> <!-- com.stta.SuiteOne.SuiteOneCaseOne -->
