<?xml version="1.0" encoding="UTF-8"?>
<!-- Generated by org.testng.reporters.JUnitReportReporter -->
<testsuite skipped="0" hostname="QH-20160815LDMN" name="com.test.auto.firstTest.JichuxinxiTest" tests="1" failures="0" timestamp="21 三月 2018 02:07:04 GMT" time="21.401" errors="0">
  <testcase name="jichuxinxluruTest" time="21.401" classname="com.test.auto.firstTest.JichuxinxiTest"/>
</testsuite> <!-- com.test.auto.firstTest.JichuxinxiTest -->
